Watching for file changes with StatReloader
C:\Users\bvnku\pdfsplit\pdfsplitapp\views.py changed, reloading.
Watching for file changes with StatReloader
C:\Users\bvnku\pdfsplit\pdfsplitapp\views.py changed, reloading.
Watching for file changes with StatReloader
C:\Users\bvnku\pdfsplit\pdfsplitapp\views.py changed, reloading.
Watching for file changes with StatReloader
C:\Users\bvnku\pdfsplit\pdfsplitapp\views.py changed, reloading.
Watching for file changes with StatReloader
C:\Users\bvnku\pdfsplit\pdfsplitapp\views.py changed, reloading.
Watching for file changes with StatReloader
C:\Users\bvnku\pdfsplit\pdfsplitapp\views.py changed, reloading.
Watching for file changes with StatReloader
Watching for file changes with StatReloader
Not Found: /split/media/even_split.pdf
C:\Users\bvnku\pdfsplit\pdfsplit\urls.py changed, reloading.
Watching for file changes with StatReloader
Not Found: /split/media/even_split.pdf
Watching for file changes with StatReloader
Watching for file changes with StatReloader
C:\Users\bvnku\pdfsplit\pdfsplitapp\views.py changed, reloading.
Watching for file changes with StatReloader
Watching for file changes with StatReloader
Watching for file changes with StatReloader
Watching for file changes with StatReloader
Watching for file changes with StatReloader
Not Found: /favicon.ico
Watching for file changes with StatReloader
Not Found: /favicon.ico
C:\Users\bvnku\pdfsplit\pdfsplitapp\views.py changed, reloading.
Watching for file changes with StatReloader
Watching for file changes with StatReloader
Watching for file changes with StatReloader
Watching for file changes with StatReloader
Not Found: /favicon.ico
